\BOOKMARK [0][]{chapter.1}{\376\377\0001\000\040\176\352\213\272}{}% 1
\BOOKMARK [1][]{section.1.1}{\376\377\0001\000.\0001\000\040\213\376\230\230\200\314\146\157}{chapter.1}% 2
\BOOKMARK [1][]{section.1.2}{\376\377\0001\000.\0002\000\040\137\002\136\070\150\300\155\113\170\024\172\166\163\260\162\266}{chapter.1}% 3
\BOOKMARK [2][]{subsection.1.2.1}{\376\377\0001\000.\0002\000.\0001\000\040\127\372\147\054\151\202\137\365\116\016\143\021\142\030}{section.1.2}% 4
\BOOKMARK [2][]{subsection.1.2.2}{\376\377\0001\000.\0002\000.\0002\000\040\137\002\136\070\150\300\155\113\173\227\154\325\122\006\174\173}{section.1.2}% 5
\BOOKMARK [1][]{section.1.3}{\376\377\0001\000.\0003\000\040\213\272\145\207\116\073\211\201\135\345\117\134}{chapter.1}% 6
\BOOKMARK [1][]{section.1.4}{\376\377\0001\000.\0004\000\040\213\272\145\207\172\340\202\202\133\211\143\222}{chapter.1}% 7
\BOOKMARK [0][]{chapter.2}{\376\377\0002\000\040\137\002\136\070\150\300\155\113\173\227\154\325\127\372\170\100}{}% 8
\BOOKMARK [1][]{section.2.1}{\376\377\0002\000.\0001\000\040\145\366\136\217\146\362\176\277\171\273\177\244\160\271\150\300\155\113}{chapter.2}% 9
\BOOKMARK [2][]{subsection.2.1.1}{\376\377\0002\000.\0001\000.\0001\000\040\147\201\131\047\117\074\161\066\117\060\213\241}{section.2.1}% 10
\BOOKMARK [2][]{subsection.2.1.2}{\376\377\0002\000.\0001\000.\0002\000\040\171\273\145\143\136\217\122\027\134\017\154\342\123\330\143\142}{section.2.1}% 11
\BOOKMARK [2][]{subsection.2.1.3}{\376\377\0002\000.\0001\000.\0003\000\040\147\000\217\321\220\273\123\312\220\273\127\337\173\227\154\325}{section.2.1}% 12
\BOOKMARK [1][]{section.2.2}{\376\377\0002\000.\0002\000\040\145\366\136\217\146\362\176\277\230\204\155\113}{chapter.2}% 13
\BOOKMARK [0][]{chapter.3}{\376\377\0003\000\040\133\232\117\115\145\160\143\156}{}% 14
\BOOKMARK [1][]{section.3.1}{\376\377\0003\000.\0001\000\040\201\176\213\257\133\232\117\115\145\160\143\156\166\204\137\142\137\017}{chapter.3}% 15
\BOOKMARK [1][]{section.3.2}{\376\377\0003\000.\0002\000\040\145\160\143\156\122\006\147\220\123\312\136\224\165\050}{chapter.3}% 16
\BOOKMARK [2][]{subsection.3.2.1}{\376\377\0003\000.\0002\000.\0001\000\040\145\160\143\156\166\204\134\017\145\366\123\330\123\026\211\304\137\213}{section.3.2}% 17
\BOOKMARK [2][]{subsection.3.2.2}{\376\377\0003\000.\0002\000.\0002\000\040\145\160\143\156\166\204\145\345\123\330\123\026\211\304\137\213}{section.3.2}% 18
\BOOKMARK [2][]{subsection.3.2.3}{\376\377\0003\000.\0002\000.\0003\000\040\145\160\143\156\166\204\140\073\123\330\123\026\162\171\137\201}{section.3.2}% 19
\BOOKMARK [1][]{section.3.3}{\376\377\0003\000.\0003\000\040\145\160\143\156\230\204\131\004\164\006\123\312\137\002\136\070\122\006\147\220\173\126\165\145}{chapter.3}% 20
\BOOKMARK [2][]{subsection.3.3.1}{\376\377\0003\000.\0003\000.\0001\000\040\145\160\143\156\230\204\131\004\164\006}{section.3.3}% 21
\BOOKMARK [2][]{subsection.3.3.2}{\376\377\0003\000.\0003\000.\0002\000\040\123\360\230\316\131\051\137\002\136\070\122\006\147\220\173\126\165\145}{section.3.3}% 22
\BOOKMARK [0][]{chapter.4}{\376\377\0004\000\040\127\372\116\216\146\362\176\277\122\006\147\220\166\204\133\232\117\115\145\160\143\156\137\002\136\070\150\300\155\113}{}% 23
\BOOKMARK [1][]{section.4.1}{\376\377\0004\000.\0001\000\040\127\372\116\216\134\017\154\342\166\204\137\002\136\070\150\300\155\113\173\227\154\325}{chapter.4}% 24
\BOOKMARK [2][]{subsection.4.1.1}{\376\377\0004\000.\0001\000.\0001\000\040\171\273\145\143\136\217\122\027\134\017\154\342\123\330\143\142}{section.4.1}% 25
\BOOKMARK [2][]{subsection.4.1.2}{\376\377\0004\000.\0001\000.\0002\000\040\176\323\147\234\122\006\147\220}{section.4.1}% 26
\BOOKMARK [2][]{subsection.4.1.3}{\376\377\0004\000.\0001\000.\0003\000\040\145\071\217\333\173\227\154\325}{section.4.1}% 27
\BOOKMARK [1][]{section.4.2}{\376\377\0004\000.\0002\000\040\127\372\116\216\147\201\131\047\117\074\161\066\117\060\213\241\166\204\137\002\136\070\150\300\155\113\173\227\154\325}{chapter.4}% 28
\BOOKMARK [2][]{subsection.4.2.1}{\376\377\0004\000.\0002\000.\0001\000\040\147\201\131\047\117\074\161\066\117\060\213\241\116\016\0003\003\303\121\306\122\031}{section.4.2}% 29
\BOOKMARK [2][]{subsection.4.2.2}{\376\377\0004\000.\0002\000.\0002\000\040\176\323\147\234\122\006\147\220}{section.4.2}% 30
\BOOKMARK [1][]{section.4.3}{\376\377\0004\000.\0003\000\040\134\100\220\350\137\002\136\070\126\340\133\120\150\300\155\113\173\227\154\325}{chapter.4}% 31
\BOOKMARK [2][]{subsection.4.3.1}{\376\377\0004\000.\0003\000.\0001\000\040\134\100\220\350\137\002\136\070\133\306\136\246}{section.4.3}% 32
\BOOKMARK [2][]{subsection.4.3.2}{\376\377\0004\000.\0003\000.\0002\000\040\176\323\147\234\122\006\147\220}{section.4.3}% 33
\BOOKMARK [1][]{section.4.4}{\376\377\0004\000.\0004\000\040\127\372\116\216\135\356\122\006\166\204\137\002\136\070\150\300\155\113\173\227\154\325}{chapter.4}% 34
\BOOKMARK [2][]{subsection.4.4.1}{\376\377\0004\000.\0004\000.\0001\000\040\135\356\122\006\173\227\154\325}{section.4.4}% 35
\BOOKMARK [2][]{subsection.4.4.2}{\376\377\0004\000.\0004\000.\0002\000\040\176\323\147\234\122\006\147\220}{section.4.4}% 36
\BOOKMARK [1][]{section.4.5}{\376\377\0004\000.\0005\000\040\146\362\176\277\137\002\136\070\150\300\155\113\173\227\154\325\140\073\176\323}{chapter.4}% 37
\BOOKMARK [0][]{chapter.5}{\376\377\0005\000\040\133\232\117\115\145\160\143\156\166\204\230\204\155\113\122\006\147\220}{}% 38
\BOOKMARK [1][]{section.5.1}{\376\377\0005\000.\0001\000\040\137\002\136\070\166\204\150\300\155\113\116\016\230\204\155\113}{chapter.5}% 39
\BOOKMARK [1][]{section.5.2}{\376\377\0005\000.\0002\000\040\127\372\116\216\122\250\140\001\171\136\176\317\177\121\176\334\166\204\133\232\117\115\145\160\143\156\230\204\155\113}{chapter.5}% 40
\BOOKMARK [2][]{subsection.5.2.1}{\376\377\0005\000.\0002\000.\0001\000\040\122\250\140\001\171\136\176\317\177\121\176\334}{section.5.2}% 41
\BOOKMARK [2][]{subsection.5.2.2}{\376\377\0005\000.\0002\000.\0002\000\040\133\232\117\115\145\160\143\156\230\204\155\113}{section.5.2}% 42
\BOOKMARK [0][]{chapter.6}{\376\377\0006\000\040\127\372\116\216\123\072\127\337\166\204\133\232\117\115\145\160\143\156\137\002\136\070\150\300\155\113}{}% 43
\BOOKMARK [1][]{section.6.1}{\376\377\0006\000.\0001\000\040\127\372\116\216\126\376\120\317\166\204\137\002\136\070\123\072\127\337\150\300\155\113}{chapter.6}% 44
\BOOKMARK [2][]{subsection.6.1.1}{\376\377\0006\000.\0001\000.\0001\000\040\166\370\220\273\136\047\225\364\135\356\122\006\154\325}{section.6.1}% 45
\BOOKMARK [2][]{subsection.6.1.2}{\376\377\0006\000.\0001\000.\0002\000\040\232\330\155\156\122\250\123\072\127\337\150\300\155\113}{section.6.1}% 46
\BOOKMARK [0][]{chapter.7}{\376\377\0007\000\040\140\073\176\323\116\016\134\125\147\033}{}% 47
\BOOKMARK [1][]{section.7.1}{\376\377\0007\000.\0001\000\040\121\205\133\271\140\073\176\323}{chapter.7}% 48
\BOOKMARK [1][]{section.7.2}{\376\377\0007\000.\0002\000\040\147\052\147\145\134\125\147\033}{chapter.7}% 49
\BOOKMARK [1][]{section.7.3}{\376\377\0007\000.\0003\000\040\162\171\153\212\145\207\147\054\174\173\127\213}{chapter.7}% 50
\BOOKMARK [2][]{subsection.7.3.1}{\376\377\0007\000.\0003\000.\0001\000\040\201\032\154\350}{section.7.3}% 51
\BOOKMARK [2][]{subsection.7.3.2}{\376\377\0007\000.\0003\000.\0002\000\040\133\232\116\111\060\001\133\232\164\006\116\016\137\025\164\006\173\111}{section.7.3}% 52
\BOOKMARK [2][]{subsection.7.3.3}{\376\377\0007\000.\0003\000.\0003\000\040\116\055\202\361\145\207\145\207\163\056\060\001\133\146\117\115\213\272\145\207\137\025\165\050}{section.7.3}% 53
\BOOKMARK [1][]{section.7.4}{\376\377\0007\000.\0004\000\040\126\376\210\150\123\312\121\166\137\025\165\050}{chapter.7}% 54
\BOOKMARK [1][]{section.7.5}{\376\377\0007\000.\0005\000\040\121\154\137\017\116\016\173\227\154\325\210\150\171\072}{chapter.7}% 55
\BOOKMARK [2][]{subsection.7.5.1}{\376\377\0007\000.\0005\000.\0001\000\040\117\213\133\120\377\032\127\372\116\216\116\073\142\020\122\006\122\006\147\220}{section.7.5}% 56
\BOOKMARK [3][]{subsubsection.7.5.1.1}{\376\377\0007\000.\0005\000.\0001\000.\0001\000\040\116\073\142\020\122\006\122\006\147\220\173\227\154\325}{subsection.7.5.1}% 57
\BOOKMARK [3][]{subsubsection.7.5.1.2}{\376\377\0007\000.\0005\000.\0001\000.\0002\000\040\116\073\142\020\122\006\122\006\147\220\123\357\117\341\136\246\213\304\117\060\145\271\154\325}{subsection.7.5.1}% 58
\BOOKMARK [1][]{section.7.6}{\376\377\0007\000.\0006\000\040\116\343\170\001\210\150\171\072}{chapter.7}% 59
\BOOKMARK [1][]{section.7.7}{\376\377\0007\000.\0007\000\040\122\027\210\150\150\067\137\017}{chapter.7}% 60
\BOOKMARK [0][]{section*.5}{\376\377\123\302\200\003\145\207\163\056}{}% 61
\BOOKMARK [0][]{section*.7}{\376\377\201\364\000\040\214\042}{}% 62
\BOOKMARK [0][]{section*.10}{\376\377\226\104\000\040\137\125}{}% 63
\BOOKMARK [1][]{section*.11}{\376\377\226\104\137\125\0001\000\040\177\051\165\145\213\355\210\150}{section*.10}% 64
\BOOKMARK [1][]{section*.14}{\376\377\226\104\137\125\0002\000\040\145\160\133\146\173\046\123\367}{section*.10}% 65
