\BOOKMARK [0][]{chapter.1}{\376\377\0001\000\040\176\352\213\272}{}% 1
\BOOKMARK [1][]{section.1.1}{\376\377\0001\000.\0001\000\040\213\376\230\230\200\314\146\157}{chapter.1}% 2
\BOOKMARK [1][]{section.1.2}{\376\377\0001\000.\0002\000\040\137\002\136\070\150\300\155\113\170\024\172\166\163\260\162\266}{chapter.1}% 3
\BOOKMARK [2][]{subsection.1.2.1}{\376\377\0001\000.\0002\000.\0001\000\040\127\372\147\054\151\202\137\365\116\016\143\021\142\030}{section.1.2}% 4
\BOOKMARK [2][]{subsection.1.2.2}{\376\377\0001\000.\0002\000.\0002\000\040\137\002\136\070\150\300\155\113\173\227\154\325\122\006\174\173}{section.1.2}% 5
\BOOKMARK [1][]{section.1.3}{\376\377\0001\000.\0003\000\040\213\272\145\207\116\073\211\201\135\345\117\134}{chapter.1}% 6
\BOOKMARK [1][]{section.1.4}{\376\377\0001\000.\0004\000\040\213\272\145\207\172\340\202\202\133\211\143\222}{chapter.1}% 7
\BOOKMARK [0][]{chapter.2}{\376\377\0002\000\040\137\002\136\070\150\300\155\113\173\227\154\325\127\372\170\100}{}% 8
\BOOKMARK [1][]{section.2.1}{\376\377\0002\000.\0001\000\040\145\366\136\217\146\362\176\277\171\273\177\244\160\271\150\300\155\113}{chapter.2}% 9
\BOOKMARK [2][]{subsection.2.1.1}{\376\377\0002\000.\0001\000.\0001\000\040\147\201\131\047\117\074\161\066\117\060\213\241}{section.2.1}% 10
\BOOKMARK [2][]{subsection.2.1.2}{\376\377\0002\000.\0001\000.\0002\000\040\171\273\145\143\136\217\122\027\134\017\154\342\123\330\143\142}{section.2.1}% 11
\BOOKMARK [2][]{subsection.2.1.3}{\376\377\0002\000.\0001\000.\0003\000\040\147\000\217\321\220\273\123\312\220\273\127\337\173\227\154\325}{section.2.1}% 12
\BOOKMARK [1][]{section.2.2}{\376\377\0002\000.\0002\000\040\145\366\136\217\146\362\176\277\230\204\155\113}{chapter.2}% 13
\BOOKMARK [2][]{subsection.2.2.1}{\376\377\0002\000.\0002\000.\0001\000\040\171\136\176\317\177\121\176\334}{section.2.2}% 14
\BOOKMARK [0][]{chapter.3}{\376\377\0003\000\040\133\232\117\115\145\160\143\156}{}% 15
\BOOKMARK [1][]{section.3.1}{\376\377\0003\000.\0001\000\040\201\176\213\257\133\232\117\115\145\160\143\156\166\204\137\142\137\017}{chapter.3}% 16
\BOOKMARK [1][]{section.3.2}{\376\377\0003\000.\0002\000\040\145\160\143\156\122\006\147\220\123\312\136\224\165\050}{chapter.3}% 17
\BOOKMARK [2][]{subsection.3.2.1}{\376\377\0003\000.\0002\000.\0001\000\040\145\160\143\156\166\204\134\017\145\366\123\330\123\026\211\304\137\213}{section.3.2}% 18
\BOOKMARK [2][]{subsection.3.2.2}{\376\377\0003\000.\0002\000.\0002\000\040\145\160\143\156\166\204\145\345\123\330\123\026\211\304\137\213}{section.3.2}% 19
\BOOKMARK [2][]{subsection.3.2.3}{\376\377\0003\000.\0002\000.\0003\000\040\145\160\143\156\166\204\140\073\145\366\172\172\162\171\137\201}{section.3.2}% 20
\BOOKMARK [1][]{section.3.3}{\376\377\0003\000.\0003\000\040\145\160\143\156\230\204\131\004\164\006\123\312\137\002\136\070\122\006\147\220\173\126\165\145}{chapter.3}% 21
\BOOKMARK [2][]{subsection.3.3.1}{\376\377\0003\000.\0003\000.\0001\000\040\145\160\143\156\230\204\131\004\164\006}{section.3.3}% 22
\BOOKMARK [2][]{subsection.3.3.2}{\376\377\0003\000.\0003\000.\0002\000\040\146\362\176\277\137\002\136\070\122\006\147\220\173\126\165\145}{section.3.3}% 23
\BOOKMARK [0][]{chapter.4}{\376\377\0004\000\040\127\372\116\216\146\362\176\277\122\006\147\220\166\204\133\232\117\115\145\160\143\156\137\002\136\070\150\300\155\113}{}% 24
\BOOKMARK [1][]{section.4.1}{\376\377\0004\000.\0001\000\040\127\372\116\216\135\356\122\006\166\204\137\002\136\070\150\300\155\113\173\227\154\325}{chapter.4}% 25
\BOOKMARK [2][]{subsection.4.1.1}{\376\377\0004\000.\0001\000.\0001\000\040\135\356\122\006\173\227\154\325}{section.4.1}% 26
\BOOKMARK [2][]{subsection.4.1.2}{\376\377\0004\000.\0001\000.\0002\000\040\176\323\147\234\122\006\147\220}{section.4.1}% 27
\BOOKMARK [1][]{section.4.2}{\376\377\0004\000.\0002\000\040\127\372\116\216\134\017\154\342\123\330\143\142\166\204\137\002\136\070\150\300\155\113\173\227\154\325}{chapter.4}% 28
\BOOKMARK [2][]{subsection.4.2.1}{\376\377\0004\000.\0002\000.\0001\000\040\171\273\145\143\136\217\122\027\134\017\154\342\123\330\143\142}{section.4.2}% 29
\BOOKMARK [2][]{subsection.4.2.2}{\376\377\0004\000.\0002\000.\0002\000\040\176\323\147\234\122\006\147\220}{section.4.2}% 30
\BOOKMARK [2][]{subsection.4.2.3}{\376\377\0004\000.\0002\000.\0003\000\040\176\323\147\234\131\004\164\006\117\030\123\026}{section.4.2}% 31
\BOOKMARK [1][]{section.4.3}{\376\377\0004\000.\0003\000\040\127\372\116\216\147\201\131\047\117\074\161\066\117\060\213\241\166\204\137\002\136\070\150\300\155\113\173\227\154\325}{chapter.4}% 32
\BOOKMARK [2][]{subsection.4.3.1}{\376\377\0004\000.\0003\000.\0001\000\040\147\201\131\047\117\074\161\066\117\060\213\241\116\016\0003\121\306\122\031}{section.4.3}% 33
\BOOKMARK [2][]{subsection.4.3.2}{\376\377\0004\000.\0003\000.\0002\000\040\176\323\147\234\122\006\147\220}{section.4.3}% 34
\BOOKMARK [1][]{section.4.4}{\376\377\0004\000.\0004\000\040\134\100\220\350\137\002\136\070\126\340\133\120\150\300\155\113\173\227\154\325}{chapter.4}% 35
\BOOKMARK [2][]{subsection.4.4.1}{\376\377\0004\000.\0004\000.\0001\000\040\134\100\220\350\171\273\177\244\126\340\133\120}{section.4.4}% 36
\BOOKMARK [2][]{subsection.4.4.2}{\376\377\0004\000.\0004\000.\0002\000\040\176\323\147\234\122\006\147\220}{section.4.4}% 37
\BOOKMARK [1][]{section.4.5}{\376\377\0004\000.\0005\000\040\146\362\176\277\137\002\136\070\150\300\155\113\173\227\154\325\140\073\176\323}{chapter.4}% 38
\BOOKMARK [0][]{chapter.5}{\376\377\0005\000\040\127\372\116\216\146\362\176\277\166\204\133\232\117\115\145\160\143\156\230\204\155\113\116\016\137\002\136\070\150\300\155\113}{}% 39
\BOOKMARK [1][]{section.5.1}{\376\377\0005\000.\0001\000\040\137\002\136\070\166\204\150\300\155\113\116\016\230\204\155\113}{chapter.5}% 40
\BOOKMARK [1][]{section.5.2}{\376\377\0005\000.\0002\000\040\127\372\116\216\171\136\176\317\177\121\176\334\166\204\146\362\176\277\133\232\117\115\145\160\143\156\230\204\155\113}{chapter.5}% 41
\BOOKMARK [2][]{subsection.5.2.1}{\376\377\0005\000.\0002\000.\0001\000\040\171\136\176\317\177\121\176\334\122\006\174\173}{section.5.2}% 42
\BOOKMARK [2][]{subsection.5.2.2}{\376\377\0005\000.\0002\000.\0002\000\040\133\232\117\115\145\160\143\156\230\204\155\113}{section.5.2}% 43
\BOOKMARK [2][]{subsection.5.2.3}{\376\377\0005\000.\0002\000.\0003\000\040\122\006\147\220\176\323\147\234}{section.5.2}% 44
\BOOKMARK [0][]{chapter.6}{\376\377\0006\000\040\127\372\116\216\123\072\127\337\166\204\133\232\117\115\145\160\143\156\137\002\136\070\150\300\155\113}{}% 45
\BOOKMARK [1][]{section.6.1}{\376\377\0006\000.\0001\000\040\127\372\116\216\126\376\120\317\166\204\137\002\136\070\123\072\127\337\150\300\155\113}{chapter.6}% 46
\BOOKMARK [2][]{subsection.6.1.1}{\376\377\0006\000.\0001\000.\0001\000\040\166\370\220\273\136\047\225\364\135\356\122\006\154\325}{section.6.1}% 47
\BOOKMARK [2][]{subsection.6.1.2}{\376\377\0006\000.\0001\000.\0002\000\040\232\330\155\156\122\250\123\072\127\337\150\300\155\113}{section.6.1}% 48
\BOOKMARK [0][]{chapter.7}{\376\377\0007\000\040\140\073\176\323\116\016\134\125\147\033}{}% 49
\BOOKMARK [1][]{section.7.1}{\376\377\0007\000.\0001\000\040\121\205\133\271\140\073\176\323}{chapter.7}% 50
\BOOKMARK [1][]{section.7.2}{\376\377\0007\000.\0002\000\040\147\052\147\145\134\125\147\033}{chapter.7}% 51
\BOOKMARK [0][]{section*.37}{\376\377\123\302\200\003\145\207\163\056}{}% 52
\BOOKMARK [0][]{section*.39}{\376\377\201\364\214\042}{}% 53
\BOOKMARK [0][]{section*.42}{\376\377\226\104\137\125}{}% 54
\BOOKMARK [1][]{section*.43}{\376\377\226\104\137\125\0001\177\051\165\145\213\355\210\150}{section*.42}% 55
\BOOKMARK [1][]{section*.45}{\376\377\226\104\137\125\0002\145\160\133\146\173\046\123\367}{section*.42}% 56
